2025-07-07 00:55:40,210 - INFO  -AWS SQS client initialized successfully.
2025-07-07 00:55:40,213 - CRITICAL  -Failed to load or validate credentials: 'key'. Exiting.
2025-07-07 00:57:26,241 - ERROR  -Error processing webhook: cannot access local variable 'changelog' where it is not associated with a value
Traceback (most recent call last):
  File "E:\PM -AI-TOOL\pm-ai-tool\jira_webhook\vv.py", line 241, in handle_webhook
    status_transition=await status_transition_log(changelog)
                                                  ^^^^^^^^^
UnboundLocalError: cannot access local variable 'changelog' where it is not associated with a value
2025-07-07 00:57:26,371 - ERROR  -Error processing webhook: cannot access local variable 'success' where it is not associated with a value
Traceback (most recent call last):
  File "E:\PM -AI-TOOL\pm-ai-tool\jira_webhook\vv.py", line 225, in handle_webhook
    if success:
       ^^^^^^^
UnboundLocalError: cannot access local variable 'success' where it is not associated with a value
2025-07-07 00:59:45,671 - ERROR  -Error processing webhook: cannot access local variable 'success' where it is not associated with a value
Traceback (most recent call last):
  File "E:\PM -AI-TOOL\pm-ai-tool\jira_webhook\vv.py", line 225, in handle_webhook
    if success:
       ^^^^^^^
UnboundLocalError: cannot access local variable 'success' where it is not associated with a value
