2025-07-04 16:39:14,609 - INFO  -AWS SQS client initialized successfully.
2025-07-04 16:39:14,609 - CRITICAL  -Failed to load or validate credentials: 'key'. Exiting.
2025-07-04 16:39:32,449 - ERROR  -An unexpected error occurred during API call: name 'headers' is not defined
Traceback (most recent call last):
  File "E:\PM -AI-TOOL\pm-ai-tool\jira_webhook\vv.py", line 55, in get_details
    async with ClientSession(auth=auth,headers=headers) as session:
                                               ^^^^^^^
NameError: name 'headers' is not defined
2025-07-04 16:39:32,450 - ERROR  -Error processing webhook: name 'headers' is not defined
Traceback (most recent call last):
  File "E:\PM -AI-TOOL\pm-ai-tool\jira_webhook\vv.py", line 283, in handle_webhook
    issue=await get_details(issue_id)
          ^^^^^^^^^^^^^^^^^^^^^^^^^^^
  File "E:\PM -AI-TOOL\pm-ai-tool\jira_webhook\vv.py", line 55, in get_details
    async with ClientSession(auth=auth,headers=headers) as session:
                                               ^^^^^^^
NameError: name 'headers' is not defined
2025-07-04 16:39:32,462 - ERROR  -An unexpected error occurred during API call: name 'headers' is not defined
Traceback (most recent call last):
  File "E:\PM -AI-TOOL\pm-ai-tool\jira_webhook\vv.py", line 55, in get_details
    async with ClientSession(auth=auth,headers=headers) as session:
                                               ^^^^^^^
NameError: name 'headers' is not defined
2025-07-04 16:39:32,462 - ERROR  -Error processing webhook: name 'headers' is not defined
Traceback (most recent call last):
  File "E:\PM -AI-TOOL\pm-ai-tool\jira_webhook\vv.py", line 283, in handle_webhook
    issue=await get_details(issue_id)
          ^^^^^^^^^^^^^^^^^^^^^^^^^^^
  File "E:\PM -AI-TOOL\pm-ai-tool\jira_webhook\vv.py", line 55, in get_details
    async with ClientSession(auth=auth,headers=headers) as session:
                                               ^^^^^^^
NameError: name 'headers' is not defined
2025-07-04 16:39:32,496 - ERROR  -An unexpected error occurred during API call: name 'headers' is not defined
Traceback (most recent call last):
  File "E:\PM -AI-TOOL\pm-ai-tool\jira_webhook\vv.py", line 55, in get_details
    async with ClientSession(auth=auth,headers=headers) as session:
                                               ^^^^^^^
NameError: name 'headers' is not defined
2025-07-04 16:39:32,496 - ERROR  -Error processing webhook: name 'headers' is not defined
Traceback (most recent call last):
  File "E:\PM -AI-TOOL\pm-ai-tool\jira_webhook\vv.py", line 283, in handle_webhook
    issue=await get_details(issue_id)
          ^^^^^^^^^^^^^^^^^^^^^^^^^^^
  File "E:\PM -AI-TOOL\pm-ai-tool\jira_webhook\vv.py", line 55, in get_details
    async with ClientSession(auth=auth,headers=headers) as session:
                                               ^^^^^^^
NameError: name 'headers' is not defined
