2025-07-03 14:23:38,442 - INFO  -AWS SQS client initialized successfully.
2025-07-03 14:23:39,368 - INFO  -Team Field Found: customfield_10001 \u2192 Team
2025-07-03 14:23:39,369 - INFO  -Starting to fetch all JIRA project details...
2025-07-03 14:23:39,867 - INFO  -Successfully fetched projects starting at 0 with 5 results.
2025-07-03 14:23:39,868 - INFO  -Fetched 5 of 5 projects so far.
2025-07-03 14:23:39,868 - INFO  -Finished fetching all 5 projects.
2025-07-03 14:23:39,868 - INFO  -Successfully retrieved all project details.
2025-07-03 14:23:39,868 - INFO  -Found 5 projects to process.
2025-07-03 14:23:39,868 - INFO  -Processing project: 'ALPHA' (Project Alpha)
2025-07-03 14:23:47,348 - INFO  -Finished fetching all 18 issues for project ALPHA.
2025-07-03 14:23:47,349 - INFO  -Processed 18 issues for project ALPHA
2025-07-03 14:23:47,349 - INFO  -Processing project: 'BETA' (Project Beta)
2025-07-03 14:23:47,998 - INFO  -No issues found in project BETA.
2025-07-03 14:23:47,998 - INFO  -Processed 0 issues for project BETA
2025-07-03 14:23:47,998 - INFO  -Processing project: 'ETA' (Project ETA)
2025-07-03 14:23:49,698 - INFO  -Finished fetching all 3 issues for project ETA.
2025-07-03 14:23:49,698 - INFO  -Processed 3 issues for project ETA
2025-07-03 14:23:49,698 - INFO  -Processing project: 'KAN' (My Kanban Project)
2025-07-03 14:23:52,853 - INFO  -Finished fetching all 7 issues for project KAN.
2025-07-03 14:23:52,853 - INFO  -Processed 7 issues for project KAN
2025-07-03 14:23:52,853 - INFO  -Processing project: 'PVMVP' (AI-Powered Portfolio Dashboard)
2025-07-03 14:23:56,094 - INFO  -Finished fetching all 11 issues for project PVMVP.
2025-07-03 14:23:56,094 - INFO  -Processed 11 issues for project PVMVP
2025-07-03 14:23:56,094 - INFO  -Finished processing all projects.
