2025-07-06 16:30:08,666 - INFO  -connection to mongodb has been closed
2025-07-06 16:30:08,667 - ERROR  -Error fetching team field ID: multidict update sequence element #0 has length 1; 2 is required
2025-07-06 16:30:08,667 - ERROR  -Unclosed client session
client_session: <aiohttp.client.ClientSession object at 0x0000021C9487CF10>
2025-07-06 16:30:08,667 - WARNING  -Team field ID not found. Team information will not be available.
2025-07-06 16:30:09,110 - INFO  -connection to mongodb has been closed
2025-07-06 16:30:09,685 - INFO  -Successfully fetched projects starting at 0 with 5 results.
2025-07-06 16:30:09,686 - INFO  -Fetched 5 of 5 projects so far.
2025-07-06 16:30:09,686 - INFO  -Finished fetching all 5 projects.
2025-07-06 16:30:09,686 - INFO  -Successfully retrieved all project details.
2025-07-06 16:30:09,687 - INFO  -Found 5 projects to process.
2025-07-06 16:30:09,688 - INFO  -Processing project: 'ALPHA' (Project Alpha)
2025-07-06 16:30:10,554 - INFO  -Finished fetching all 18 issues for project ALPHA.
2025-07-06 16:30:10,554 - INFO  -Processed 18 issues for project ALPHA
2025-07-06 16:30:10,554 - INFO  -Processing project: 'BETA' (Project Beta)
2025-07-06 16:30:11,126 - INFO  -No issues found in project BETA.
2025-07-06 16:30:11,126 - INFO  -Processed 0 issues for project BETA
2025-07-06 16:30:11,126 - INFO  -Processing project: 'ETA' (Project ETA)
2025-07-06 16:30:11,828 - INFO  -Finished fetching all 3 issues for project ETA.
2025-07-06 16:30:11,828 - INFO  -Processed 3 issues for project ETA
2025-07-06 16:30:11,828 - INFO  -Processing project: 'KAN' (My Kanban Project)
2025-07-06 16:30:12,439 - INFO  -Finished fetching all 7 issues for project KAN.
2025-07-06 16:30:12,439 - INFO  -Processed 7 issues for project KAN
2025-07-06 16:30:12,439 - INFO  -Processing project: 'PVMVP' (AI-Powered Portfolio Dashboard)
2025-07-06 16:30:13,204 - INFO  -Finished fetching all 14 issues for project PVMVP.
2025-07-06 16:30:13,204 - INFO  -Processed 14 issues for project PVMVP
2025-07-06 16:30:13,204 - INFO  -Finished processing all projects. Total issues processed: 42
2025-07-06 16:30:13,209 - INFO  ---- Script Finished: Successfully processed 42 issues in total. ---
