2025-07-03 16:24:08,419 - INFO  -AWS SQS client initialized successfully.
2025-07-03 16:24:09,702 - INFO  -Team Field Found: customfield_10001 \u2192 Team
2025-07-03 16:24:09,706 - INFO  -Starting to fetch all JIRA project details...
2025-07-03 16:24:10,248 - INFO  -Successfully fetched projects starting at 0 with 5 results.
2025-07-03 16:24:10,248 - INFO  -Fetched 5 of 5 projects so far.
2025-07-03 16:24:10,248 - INFO  -Finished fetching all 5 projects.
2025-07-03 16:24:10,248 - INFO  -Successfully retrieved all project details.
2025-07-03 16:24:10,248 - INFO  -Found 5 projects to process.
2025-07-03 16:24:10,248 - INFO  -Processing project: 'ALPHA' (Project Alpha)
2025-07-03 16:24:16,632 - INFO  -Finished fetching all 18 issues for project ALPHA.
2025-07-03 16:24:16,633 - INFO  -Processed 18 issues for project ALPHA
2025-07-03 16:24:16,633 - INFO  -Processing project: 'BETA' (Project Beta)
2025-07-03 16:24:18,070 - INFO  -No issues found in project BETA.
2025-07-03 16:24:18,070 - INFO  -Processed 0 issues for project BETA
2025-07-03 16:24:18,070 - INFO  -Processing project: 'ETA' (Project ETA)
2025-07-03 16:24:19,467 - INFO  -Finished fetching all 3 issues for project ETA.
2025-07-03 16:24:19,467 - INFO  -Processed 3 issues for project ETA
2025-07-03 16:24:19,467 - INFO  -Processing project: 'KAN' (My Kanban Project)
2025-07-03 16:24:21,660 - INFO  -Finished fetching all 7 issues for project KAN.
2025-07-03 16:24:21,660 - INFO  -Processed 7 issues for project KAN
2025-07-03 16:24:21,660 - INFO  -Processing project: 'PVMVP' (AI-Powered Portfolio Dashboard)
2025-07-03 16:24:24,951 - INFO  -Finished fetching all 11 issues for project PVMVP.
2025-07-03 16:24:24,951 - INFO  -Processed 11 issues for project PVMVP
2025-07-03 16:24:24,951 - INFO  -Finished processing all projects.
