2025-07-05 12:51:46,943 - INFO  -AWS SQS client initialized successfully.
2025-07-05 12:51:47,912 - INFO  -Team Field Found: customfield_10001 \u2192 Team
2025-07-05 12:51:47,912 - INFO  -Starting to fetch all JIRA project details...
2025-07-05 12:51:48,400 - INFO  -Successfully fetched projects starting at 0 with 5 results.
2025-07-05 12:51:48,401 - INFO  -Fetched 5 of 5 projects so far.
2025-07-05 12:51:48,401 - INFO  -Finished fetching all 5 projects.
2025-07-05 12:51:48,401 - INFO  -Successfully retrieved all project details.
2025-07-05 12:51:48,401 - INFO  -Found 5 projects to process.
2025-07-05 12:51:48,401 - INFO  -Processing project: 'ALPHA' (Project Alpha)
2025-07-05 12:51:53,294 - INFO  -Finished fetching all 18 issues for project ALPHA.
2025-07-05 12:51:53,294 - INFO  -Processed 18 issues for project ALPHA
2025-07-05 12:51:53,294 - INFO  -Processing project: 'BETA' (Project Beta)
2025-07-05 12:51:54,123 - INFO  -No issues found in project BETA.
2025-07-05 12:51:54,123 - INFO  -Processed 0 issues for project BETA
2025-07-05 12:51:54,123 - INFO  -Processing project: 'ETA' (Project ETA)
2025-07-05 12:51:55,521 - INFO  -Finished fetching all 3 issues for project ETA.
2025-07-05 12:51:55,521 - INFO  -Processed 3 issues for project ETA
2025-07-05 12:51:55,521 - INFO  -Processing project: 'KAN' (My Kanban Project)
2025-07-05 12:51:57,543 - INFO  -Finished fetching all 7 issues for project KAN.
2025-07-05 12:51:57,543 - INFO  -Processed 7 issues for project KAN
2025-07-05 12:51:57,543 - INFO  -Processing project: 'PVMVP' (AI-Powered Portfolio Dashboard)
2025-07-05 12:52:01,285 - INFO  -Finished fetching all 14 issues for project PVMVP.
2025-07-05 12:52:01,285 - INFO  -Processed 14 issues for project PVMVP
2025-07-05 12:52:01,285 - INFO  -Finished processing all projects.
