2025-07-06 17:15:40,317 - CRITICAL  -Skipping execution because credentials failed to load.
2025-07-06 17:16:05,986 - INFO  -connection to mongodb has been closed
2025-07-06 17:16:05,987 - ERROR  -Error fetching team field ID: multidict update sequence element #0 has length 1; 2 is required
2025-07-06 17:16:05,987 - ERROR  -Unclosed client session
client_session: <aiohttp.client.ClientSession object at 0x000002A45EBDEC10>
2025-07-06 17:16:05,987 - WARNING  -Team field ID not found. Team information will not be available.
2025-07-06 17:16:10,501 - INFO  -connection to mongodb has been closed
2025-07-06 17:16:11,007 - INFO  -Successfully fetched projects starting at 0 with 5 results.
2025-07-06 17:16:11,008 - INFO  -Fetched 5 of 5 projects so far.
2025-07-06 17:16:11,008 - INFO  -Finished fetching all 5 projects.
2025-07-06 17:16:11,008 - INFO  -Successfully retrieved all project details.
2025-07-06 17:16:11,009 - INFO  -Found 5 projects to process.
2025-07-06 17:16:11,009 - INFO  -Processing project: 'ALPHA' (Project Alpha)
2025-07-06 17:16:11,902 - INFO  -Finished fetching all 18 issues for project ALPHA.
2025-07-06 17:16:11,902 - INFO  -Processed 18 issues for project ALPHA
2025-07-06 17:16:11,902 - INFO  -Processing project: 'BETA' (Project Beta)
2025-07-06 17:16:12,381 - INFO  -No issues found in project BETA.
2025-07-06 17:16:12,381 - INFO  -Processed 0 issues for project BETA
2025-07-06 17:16:12,381 - INFO  -Processing project: 'ETA' (Project ETA)
2025-07-06 17:16:13,490 - INFO  -Finished fetching all 3 issues for project ETA.
2025-07-06 17:16:13,490 - INFO  -Processed 3 issues for project ETA
2025-07-06 17:16:13,490 - INFO  -Processing project: 'KAN' (My Kanban Project)
2025-07-06 17:16:14,121 - INFO  -Finished fetching all 7 issues for project KAN.
2025-07-06 17:16:14,121 - INFO  -Processed 7 issues for project KAN
2025-07-06 17:16:14,121 - INFO  -Processing project: 'PVMVP' (AI-Powered Portfolio Dashboard)
2025-07-06 17:16:15,419 - INFO  -Finished fetching all 14 issues for project PVMVP.
2025-07-06 17:16:15,420 - INFO  -Processed 14 issues for project PVMVP
2025-07-06 17:16:15,420 - INFO  -Finished processing all projects. Total issues processed: 42
