2025-07-04 23:27:21,684 - INFO  -AWS SQS client initialized successfully.
2025-07-04 23:27:22,478 - INFO  -Team Field Found: customfield_10001 \u2192 Team
2025-07-04 23:27:22,478 - INFO  -Starting to fetch all JIRA project details...
2025-07-04 23:27:22,888 - INFO  -Successfully fetched projects starting at 0 with 5 results.
2025-07-04 23:27:22,888 - INFO  -Fetched 5 of 5 projects so far.
2025-07-04 23:27:22,888 - INFO  -Finished fetching all 5 projects.
2025-07-04 23:27:22,888 - INFO  -Successfully retrieved all project details.
2025-07-04 23:27:22,888 - INFO  -Found 5 projects to process.
2025-07-04 23:27:22,888 - INFO  -Processing project: 'ALPHA' (Project Alpha)
2025-07-04 23:27:27,628 - INFO  -Finished fetching all 18 issues for project ALPHA.
2025-07-04 23:27:27,628 - INFO  -Processed 18 issues for project ALPHA
2025-07-04 23:27:27,629 - INFO  -Processing project: 'BETA' (Project Beta)
2025-07-04 23:27:28,145 - INFO  -No issues found in project BETA.
2025-07-04 23:27:28,145 - INFO  -Processed 0 issues for project BETA
2025-07-04 23:27:28,145 - INFO  -Processing project: 'ETA' (Project ETA)
2025-07-04 23:27:29,380 - INFO  -Finished fetching all 3 issues for project ETA.
2025-07-04 23:27:29,381 - INFO  -Processed 3 issues for project ETA
2025-07-04 23:27:29,381 - INFO  -Processing project: 'KAN' (My Kanban Project)
2025-07-04 23:27:31,260 - INFO  -Finished fetching all 7 issues for project KAN.
2025-07-04 23:27:31,260 - INFO  -Processed 7 issues for project KAN
2025-07-04 23:27:31,260 - INFO  -Processing project: 'PVMVP' (AI-Powered Portfolio Dashboard)
2025-07-04 23:27:34,622 - INFO  -Finished fetching all 14 issues for project PVMVP.
2025-07-04 23:27:34,622 - INFO  -Processed 14 issues for project PVMVP
2025-07-04 23:27:34,622 - INFO  -Finished processing all projects.
