2025-07-06 11:21:22,413 - ERROR  -Error fetching team field ID: multidict update sequence element #0 has length 1; 2 is required
2025-07-06 11:21:22,413 - ERROR  -Unclosed client session
client_session: <aiohttp.client.ClientSession object at 0x000001FBD8547A50>
2025-07-06 11:21:22,413 - WARNING  -Team field ID not found. Team information will not be available.
2025-07-06 11:21:23,245 - INFO  -Successfully fetched projects starting at 0 with 5 results.
2025-07-06 11:21:23,245 - INFO  -Fetched 5 of 5 projects so far.
2025-07-06 11:21:23,245 - INFO  -Finished fetching all 5 projects.
2025-07-06 11:21:23,245 - INFO  -Successfully retrieved all project details.
2025-07-06 11:21:23,245 - INFO  -Found 5 projects to process.
2025-07-06 11:21:23,245 - INFO  -Processing project: 'ALPHA' (Project Alpha)
2025-07-06 11:21:24,055 - INFO  -Finished fetching all 18 issues for project ALPHA.
2025-07-06 11:21:24,055 - INFO  -Processed 18 issues for project ALPHA
2025-07-06 11:21:24,055 - INFO  -Processing project: 'BETA' (Project Beta)
2025-07-06 11:21:24,728 - INFO  -No issues found in project BETA.
2025-07-06 11:21:24,728 - INFO  -Processed 0 issues for project BETA
2025-07-06 11:21:24,728 - INFO  -Processing project: 'ETA' (Project ETA)
2025-07-06 11:21:25,494 - INFO  -Finished fetching all 3 issues for project ETA.
2025-07-06 11:21:25,494 - INFO  -Processed 3 issues for project ETA
2025-07-06 11:21:25,494 - INFO  -Processing project: 'KAN' (My Kanban Project)
2025-07-06 11:21:26,400 - INFO  -Finished fetching all 7 issues for project KAN.
2025-07-06 11:21:26,400 - INFO  -Processed 7 issues for project KAN
2025-07-06 11:21:26,400 - INFO  -Processing project: 'PVMVP' (AI-Powered Portfolio Dashboard)
2025-07-06 11:21:27,360 - INFO  -Finished fetching all 14 issues for project PVMVP.
2025-07-06 11:21:27,360 - INFO  -Processed 14 issues for project PVMVP
2025-07-06 11:21:27,362 - INFO  -Finished processing all projects. Total issues processed: 42
2025-07-06 11:21:27,366 - INFO  ---- Script Finished: Successfully processed 42 issues in total. ---
