2025-07-07 10:37:36,355 - INFO  -AWS SQS client initialized successfully.
2025-07-07 10:37:56,206 - ERROR  -Error fetching team field ID: multidict update sequence element #0 has length 1; 2 is required
2025-07-07 10:37:56,206 - ERROR  -Unclosed client session
client_session: <aiohttp.client.ClientSession object at 0x0000014F41F84B10>
2025-07-07 10:37:56,206 - WARNING  -Team field ID not found. Team information will not be available.
2025-07-07 10:37:56,671 - INFO  -Successfully fetched projects starting at 0 with 5 results.
2025-07-07 10:37:56,672 - INFO  -Fetched 5 of 5 projects so far.
2025-07-07 10:37:56,672 - INFO  -Finished fetching all 5 projects.
2025-07-07 10:37:56,672 - INFO  -Successfully retrieved all project details.
2025-07-07 10:37:56,672 - INFO  -Found 5 projects to process.
2025-07-07 10:37:56,672 - INFO  -Processing project: 'ALPHA' (Project Alpha)
2025-07-07 10:38:01,723 - INFO  -Finished fetching all 19 issues for project ALPHA.
2025-07-07 10:38:01,723 - INFO  -Processed 19 issues for project ALPHA
2025-07-07 10:38:01,723 - INFO  -Processing project: 'BETA' (Project Beta)
2025-07-07 10:38:02,301 - INFO  -No issues found in project BETA.
2025-07-07 10:38:02,301 - INFO  -Processed 0 issues for project BETA
2025-07-07 10:38:02,301 - INFO  -Processing project: 'ETA' (Project ETA)
2025-07-07 10:38:03,746 - INFO  -Finished fetching all 3 issues for project ETA.
2025-07-07 10:38:03,746 - INFO  -Processed 3 issues for project ETA
2025-07-07 10:38:03,746 - INFO  -Processing project: 'KAN' (My Kanban Project)
2025-07-07 10:38:06,260 - INFO  -Finished fetching all 7 issues for project KAN.
2025-07-07 10:38:06,260 - INFO  -Processed 7 issues for project KAN
2025-07-07 10:38:06,260 - INFO  -Processing project: 'PVMVP' (AI-Powered Portfolio Dashboard)
2025-07-07 10:38:10,548 - INFO  -Finished fetching all 17 issues for project PVMVP.
2025-07-07 10:38:10,548 - INFO  -Processed 17 issues for project PVMVP
2025-07-07 10:38:10,548 - INFO  -Finished processing all projects.
2025-07-07 10:38:11,165 - INFO  -Webhook created successfully.
