2025-07-05 13:39:51,562 - INFO  -AWS SQS client initialized successfully.
2025-07-05 13:39:52,105 - INFO  -Team Field Found: customfield_10001 \u2192 Team
2025-07-05 13:39:52,106 - INFO  -Starting to fetch all JIRA project details...
2025-07-05 13:39:52,537 - INFO  -Successfully fetched projects starting at 0 with 5 results.
2025-07-05 13:39:52,539 - INFO  -Fetched 5 of 5 projects so far.
2025-07-05 13:39:52,539 - INFO  -Finished fetching all 5 projects.
2025-07-05 13:39:52,539 - INFO  -Successfully retrieved all project details.
2025-07-05 13:39:52,539 - INFO  -Found 5 projects to process.
2025-07-05 13:39:52,539 - INFO  -Processing project: 'ALPHA' (Project Alpha)
2025-07-05 13:39:57,392 - INFO  -Finished fetching all 18 issues for project ALPHA.
2025-07-05 13:39:57,392 - INFO  -Processed 18 issues for project ALPHA
2025-07-05 13:39:57,392 - INFO  -Processing project: 'BETA' (Project Beta)
2025-07-05 13:39:57,909 - INFO  -No issues found in project BETA.
2025-07-05 13:39:57,909 - INFO  -Processed 0 issues for project BETA
2025-07-05 13:39:57,909 - INFO  -Processing project: 'ETA' (Project ETA)
2025-07-05 13:39:59,566 - INFO  -Finished fetching all 3 issues for project ETA.
2025-07-05 13:39:59,566 - INFO  -Processed 3 issues for project ETA
2025-07-05 13:39:59,566 - INFO  -Processing project: 'KAN' (My Kanban Project)
2025-07-05 13:40:02,824 - INFO  -Finished fetching all 7 issues for project KAN.
2025-07-05 13:40:02,824 - INFO  -Processed 7 issues for project KAN
2025-07-05 13:40:02,824 - INFO  -Processing project: 'PVMVP' (AI-Powered Portfolio Dashboard)
2025-07-05 13:40:06,612 - INFO  -Finished fetching all 14 issues for project PVMVP.
2025-07-05 13:40:06,612 - INFO  -Processed 14 issues for project PVMVP
2025-07-05 13:40:06,612 - INFO  -Finished processing all projects.
