2025-07-05 13:31:02,067 - INFO  -AWS SQS client initialized successfully.
2025-07-05 13:31:03,033 - INFO  -Team Field Found: customfield_10001 \u2192 Team
2025-07-05 13:31:03,034 - INFO  -Starting to fetch all JIRA project details...
2025-07-05 13:31:03,422 - INFO  -Successfully fetched projects starting at 0 with 5 results.
2025-07-05 13:31:03,423 - INFO  -Fetched 5 of 5 projects so far.
2025-07-05 13:31:03,423 - INFO  -Finished fetching all 5 projects.
2025-07-05 13:31:03,423 - INFO  -Successfully retrieved all project details.
2025-07-05 13:31:03,423 - INFO  -Found 5 projects to process.
2025-07-05 13:31:03,424 - INFO  -Processing project: 'ALPHA' (Project Alpha)
2025-07-05 13:31:08,814 - INFO  -Finished fetching all 18 issues for project ALPHA.
2025-07-05 13:31:08,824 - INFO  -Processed 18 issues for project ALPHA
2025-07-05 13:31:08,824 - INFO  -Processing project: 'BETA' (Project Beta)
2025-07-05 13:31:09,330 - INFO  -No issues found in project BETA.
2025-07-05 13:31:09,330 - INFO  -Processed 0 issues for project BETA
2025-07-05 13:31:09,332 - INFO  -Processing project: 'ETA' (Project ETA)
2025-07-05 13:31:10,638 - INFO  -Finished fetching all 3 issues for project ETA.
2025-07-05 13:31:10,638 - INFO  -Processed 3 issues for project ETA
2025-07-05 13:31:10,638 - INFO  -Processing project: 'KAN' (My Kanban Project)
2025-07-05 13:31:14,013 - INFO  -Finished fetching all 7 issues for project KAN.
2025-07-05 13:31:14,013 - INFO  -Processed 7 issues for project KAN
2025-07-05 13:31:14,013 - INFO  -Processing project: 'PVMVP' (AI-Powered Portfolio Dashboard)
2025-07-05 13:31:19,115 - INFO  -Finished fetching all 14 issues for project PVMVP.
2025-07-05 13:31:19,115 - INFO  -Processed 14 issues for project PVMVP
2025-07-05 13:31:19,115 - INFO  -Finished processing all projects.
