2025-07-05 13:03:27,409 - INFO  -AWS SQS client initialized successfully.
2025-07-05 13:03:28,218 - INFO  -Team Field Found: customfield_10001 \u2192 Team
2025-07-05 13:03:28,218 - INFO  -Starting to fetch all JIRA project details...
2025-07-05 13:03:28,624 - INFO  -Successfully fetched projects starting at 0 with 5 results.
2025-07-05 13:03:28,625 - INFO  -Fetched 5 of 5 projects so far.
2025-07-05 13:03:28,625 - INFO  -Finished fetching all 5 projects.
2025-07-05 13:03:28,625 - INFO  -Successfully retrieved all project details.
2025-07-05 13:03:28,625 - INFO  -Found 5 projects to process.
2025-07-05 13:03:28,625 - INFO  -Processing project: 'ALPHA' (Project Alpha)
2025-07-05 13:03:33,210 - INFO  -Finished fetching all 18 issues for project ALPHA.
2025-07-05 13:03:33,210 - INFO  -Processed 18 issues for project ALPHA
2025-07-05 13:03:33,210 - INFO  -Processing project: 'BETA' (Project Beta)
2025-07-05 13:03:33,748 - INFO  -No issues found in project BETA.
2025-07-05 13:03:33,749 - INFO  -Processed 0 issues for project BETA
2025-07-05 13:03:33,749 - INFO  -Processing project: 'ETA' (Project ETA)
2025-07-05 13:03:34,946 - INFO  -Finished fetching all 3 issues for project ETA.
2025-07-05 13:03:34,946 - INFO  -Processed 3 issues for project ETA
2025-07-05 13:03:34,946 - INFO  -Processing project: 'KAN' (My Kanban Project)
2025-07-05 13:03:36,963 - INFO  -Finished fetching all 7 issues for project KAN.
2025-07-05 13:03:36,963 - INFO  -Processed 7 issues for project KAN
2025-07-05 13:03:36,963 - INFO  -Processing project: 'PVMVP' (AI-Powered Portfolio Dashboard)
2025-07-05 13:03:40,442 - INFO  -Finished fetching all 14 issues for project PVMVP.
2025-07-05 13:03:40,442 - INFO  -Processed 14 issues for project PVMVP
2025-07-05 13:03:40,442 - INFO  -Finished processing all projects.
