2025-07-04 23:07:16,784 - INFO  -AWS SQS client initialized successfully.
2025-07-04 23:07:17,363 - INFO  -Team Field Found: customfield_10001 \u2192 Team
2025-07-04 23:07:17,364 - INFO  -Starting to fetch all JIRA project details...
2025-07-04 23:07:17,767 - INFO  -Successfully fetched projects starting at 0 with 5 results.
2025-07-04 23:07:17,768 - INFO  -Fetched 5 of 5 projects so far.
2025-07-04 23:07:17,768 - INFO  -Finished fetching all 5 projects.
2025-07-04 23:07:17,768 - INFO  -Successfully retrieved all project details.
2025-07-04 23:07:17,768 - INFO  -Found 5 projects to process.
2025-07-04 23:07:17,768 - INFO  -Processing project: 'ALPHA' (Project Alpha)
2025-07-04 23:07:22,273 - INFO  -Finished fetching all 18 issues for project ALPHA.
2025-07-04 23:07:22,274 - INFO  -Processed 18 issues for project ALPHA
2025-07-04 23:07:22,274 - INFO  -Processing project: 'BETA' (Project Beta)
2025-07-04 23:07:22,802 - INFO  -No issues found in project BETA.
2025-07-04 23:07:22,802 - INFO  -Processed 0 issues for project BETA
2025-07-04 23:07:22,802 - INFO  -Processing project: 'ETA' (Project ETA)
2025-07-04 23:07:24,111 - INFO  -Finished fetching all 3 issues for project ETA.
2025-07-04 23:07:24,111 - INFO  -Processed 3 issues for project ETA
2025-07-04 23:07:24,111 - INFO  -Processing project: 'KAN' (My Kanban Project)
2025-07-04 23:07:26,142 - INFO  -Finished fetching all 7 issues for project KAN.
2025-07-04 23:07:26,142 - INFO  -Processed 7 issues for project KAN
2025-07-04 23:07:26,142 - INFO  -Processing project: 'PVMVP' (AI-Powered Portfolio Dashboard)
2025-07-04 23:07:29,409 - INFO  -Finished fetching all 14 issues for project PVMVP.
2025-07-04 23:07:29,410 - INFO  -Processed 14 issues for project PVMVP
2025-07-04 23:07:29,410 - INFO  -Finished processing all projects.
