2025-07-04 08:34:39,261 - INFO  -AWS SQS client initialized successfully.
2025-07-04 08:34:40,625 - INFO  -Team Field Found: customfield_10001 \u2192 Team
2025-07-04 08:34:40,626 - INFO  -Starting to fetch all JIRA project details...
2025-07-04 08:34:41,182 - INFO  -Successfully fetched projects starting at 0 with 5 results.
2025-07-04 08:34:41,183 - INFO  -Fetched 5 of 5 projects so far.
2025-07-04 08:34:41,183 - INFO  -Finished fetching all 5 projects.
2025-07-04 08:34:41,183 - INFO  -Successfully retrieved all project details.
2025-07-04 08:34:41,183 - INFO  -Found 5 projects to process.
2025-07-04 08:34:41,183 - INFO  -Processing project: 'ALPHA' (Project Alpha)
2025-07-04 08:34:45,829 - INFO  -Finished fetching all 18 issues for project ALPHA.
2025-07-04 08:34:45,830 - INFO  -Processed 18 issues for project ALPHA
2025-07-04 08:34:45,830 - INFO  -Processing project: 'BETA' (Project Beta)
2025-07-04 08:34:46,625 - INFO  -No issues found in project BETA.
2025-07-04 08:34:46,625 - INFO  -Processed 0 issues for project BETA
2025-07-04 08:34:46,625 - INFO  -Processing project: 'ETA' (Project ETA)
2025-07-04 08:34:48,043 - INFO  -Finished fetching all 3 issues for project ETA.
2025-07-04 08:34:48,043 - INFO  -Processed 3 issues for project ETA
2025-07-04 08:34:48,043 - INFO  -Processing project: 'KAN' (My Kanban Project)
2025-07-04 08:34:49,874 - INFO  -Finished fetching all 7 issues for project KAN.
2025-07-04 08:34:49,874 - INFO  -Processed 7 issues for project KAN
2025-07-04 08:34:49,874 - INFO  -Processing project: 'PVMVP' (AI-Powered Portfolio Dashboard)
2025-07-04 08:34:52,362 - INFO  -Finished fetching all 11 issues for project PVMVP.
2025-07-04 08:34:52,362 - INFO  -Processed 11 issues for project PVMVP
2025-07-04 08:34:52,362 - INFO  -Finished processing all projects.
