2025-07-06 10:02:10,389 - ERROR  -Error fetching team field ID: multidict update sequence element #0 has length 1; 2 is required
2025-07-06 10:02:10,389 - ERROR  -Unclosed client session
client_session: <aiohttp.client.ClientSession object at 0x00000243B7852A10>
2025-07-06 10:02:10,389 - WARNING  -Team field ID not found. Team information will not be available.
2025-07-06 10:02:11,330 - INFO  -Successfully fetched projects starting at 0 with 5 results.
2025-07-06 10:02:11,332 - INFO  -Fetched 5 of 5 projects so far.
2025-07-06 10:02:11,332 - INFO  -Finished fetching all 5 projects.
2025-07-06 10:02:11,332 - INFO  -Successfully retrieved all project details.
2025-07-06 10:02:11,333 - INFO  -Found 5 projects to process.
2025-07-06 10:02:11,333 - INFO  -Processing project: 'ALPHA' (Project Alpha)
2025-07-06 10:02:12,371 - INFO  -Finished fetching all 18 issues for project ALPHA.
2025-07-06 10:02:12,371 - INFO  -Processed 18 issues for project ALPHA
2025-07-06 10:02:12,371 - INFO  -Processing project: 'BETA' (Project Beta)
2025-07-06 10:02:12,943 - INFO  -No issues found in project BETA.
2025-07-06 10:02:12,943 - INFO  -Processed 0 issues for project BETA
2025-07-06 10:02:12,943 - INFO  -Processing project: 'ETA' (Project ETA)
2025-07-06 10:02:13,617 - INFO  -Finished fetching all 3 issues for project ETA.
2025-07-06 10:02:13,617 - INFO  -Processed 3 issues for project ETA
2025-07-06 10:02:13,617 - INFO  -Processing project: 'KAN' (My Kanban Project)
2025-07-06 10:02:14,516 - INFO  -Finished fetching all 7 issues for project KAN.
2025-07-06 10:02:14,516 - INFO  -Processed 7 issues for project KAN
2025-07-06 10:02:14,516 - INFO  -Processing project: 'PVMVP' (AI-Powered Portfolio Dashboard)
2025-07-06 10:02:15,254 - INFO  -Finished fetching all 14 issues for project PVMVP.
2025-07-06 10:02:15,254 - INFO  -Processed 14 issues for project PVMVP
2025-07-06 10:02:15,254 - INFO  -Finished processing all projects. Total issues processed: 42
2025-07-06 10:02:15,260 - INFO  ---- Script Finished: Successfully processed 42 issues in total. ---
