2025-07-06 21:44:51,961 - CRITICAL  -Skipping execution because credentials failed to load.
2025-07-06 21:45:02,763 - ERROR  -Error fetching team field ID: multidict update sequence element #0 has length 1; 2 is required
2025-07-06 21:45:02,763 - ERROR  -Unclosed client session
client_session: <aiohttp.client.ClientSession object at 0x0000025ABA347110>
2025-07-06 21:45:02,764 - WARNING  -Team field ID not found. Team information will not be available.
2025-07-06 21:45:03,292 - INFO  -Successfully fetched projects starting at 0 with 5 results.
2025-07-06 21:45:03,292 - INFO  -Fetched 5 of 5 projects so far.
2025-07-06 21:45:03,293 - INFO  -Finished fetching all 5 projects.
2025-07-06 21:45:03,293 - INFO  -Successfully retrieved all project details.
2025-07-06 21:45:03,293 - INFO  -Found 5 projects to process.
2025-07-06 21:45:03,293 - INFO  -Processing project: 'ALPHA' (Project Alpha)
2025-07-06 21:45:04,925 - INFO  -Finished fetching all 18 issues for project ALPHA.
2025-07-06 21:45:04,925 - INFO  -Processed 18 issues for project ALPHA
2025-07-06 21:45:04,925 - INFO  -Processing project: 'BETA' (Project Beta)
2025-07-06 21:45:05,553 - INFO  -No issues found in project BETA.
2025-07-06 21:45:05,553 - INFO  -Processed 0 issues for project BETA
2025-07-06 21:45:05,553 - INFO  -Processing project: 'ETA' (Project ETA)
2025-07-06 21:45:06,149 - INFO  -Finished fetching all 3 issues for project ETA.
2025-07-06 21:45:06,149 - INFO  -Processed 3 issues for project ETA
2025-07-06 21:45:06,149 - INFO  -Processing project: 'KAN' (My Kanban Project)
2025-07-06 21:45:07,018 - INFO  -Finished fetching all 7 issues for project KAN.
2025-07-06 21:45:07,018 - INFO  -Processed 7 issues for project KAN
2025-07-06 21:45:07,018 - INFO  -Processing project: 'PVMVP' (AI-Powered Portfolio Dashboard)
2025-07-06 21:45:08,009 - INFO  -Finished fetching all 14 issues for project PVMVP.
2025-07-06 21:45:08,009 - INFO  -Processed 14 issues for project PVMVP
2025-07-06 21:45:08,009 - INFO  -Finished processing all projects. Total issues processed: 42
