2025-07-03 14:50:30,399 - INFO  -AWS SQS client initialized successfully.
2025-07-03 14:50:31,097 - INFO  -Team Field Found: customfield_10001 \u2192 Team
2025-07-03 14:50:31,097 - INFO  -Starting to fetch all JIRA project details...
2025-07-03 14:50:31,613 - INFO  -Successfully fetched projects starting at 0 with 5 results.
2025-07-03 14:50:31,613 - INFO  -Fetched 5 of 5 projects so far.
2025-07-03 14:50:31,613 - INFO  -Finished fetching all 5 projects.
2025-07-03 14:50:31,613 - INFO  -Successfully retrieved all project details.
2025-07-03 14:50:31,613 - INFO  -Found 5 projects to process.
2025-07-03 14:50:31,613 - INFO  -Processing project: 'ALPHA' (Project Alpha)
2025-07-03 14:50:37,403 - INFO  -Finished fetching all 18 issues for project ALPHA.
2025-07-03 14:50:37,404 - INFO  -Processed 18 issues for project ALPHA
2025-07-03 14:50:37,404 - INFO  -Processing project: 'BETA' (Project Beta)
2025-07-03 14:50:37,927 - INFO  -No issues found in project BETA.
2025-07-03 14:50:37,927 - INFO  -Processed 0 issues for project BETA
2025-07-03 14:50:37,927 - INFO  -Processing project: 'ETA' (Project ETA)
2025-07-03 14:50:39,426 - INFO  -Finished fetching all 3 issues for project ETA.
2025-07-03 14:50:39,426 - INFO  -Processed 3 issues for project ETA
2025-07-03 14:50:39,426 - INFO  -Processing project: 'KAN' (My Kanban Project)
2025-07-03 14:50:42,696 - INFO  -Finished fetching all 7 issues for project KAN.
2025-07-03 14:50:42,696 - INFO  -Processed 7 issues for project KAN
2025-07-03 14:50:42,696 - INFO  -Processing project: 'PVMVP' (AI-Powered Portfolio Dashboard)
2025-07-03 14:50:46,286 - INFO  -Finished fetching all 11 issues for project PVMVP.
2025-07-03 14:50:46,286 - INFO  -Processed 11 issues for project PVMVP
2025-07-03 14:50:46,286 - INFO  -Finished processing all projects.
