2025-07-03 14:39:02,756 - INFO  -AWS SQS client initialized successfully.
2025-07-03 14:39:03,711 - INFO  -Team Field Found: customfield_10001 \u2192 Team
2025-07-03 14:39:03,712 - INFO  -Starting to fetch all JIRA project details...
2025-07-03 14:39:04,204 - INFO  -Successfully fetched projects starting at 0 with 5 results.
2025-07-03 14:39:04,204 - INFO  -Fetched 5 of 5 projects so far.
2025-07-03 14:39:04,204 - INFO  -Finished fetching all 5 projects.
2025-07-03 14:39:04,204 - INFO  -Successfully retrieved all project details.
2025-07-03 14:39:04,204 - INFO  -Found 5 projects to process.
2025-07-03 14:39:04,204 - INFO  -Processing project: 'ALPHA' (Project Alpha)
2025-07-03 14:39:12,125 - INFO  -Finished fetching all 18 issues for project ALPHA.
2025-07-03 14:39:12,135 - INFO  -Processed 18 issues for project ALPHA
2025-07-03 14:39:12,135 - INFO  -Processing project: 'BETA' (Project Beta)
2025-07-03 14:39:12,678 - INFO  -No issues found in project BETA.
2025-07-03 14:39:12,680 - INFO  -Processed 0 issues for project BETA
2025-07-03 14:39:12,680 - INFO  -Processing project: 'ETA' (Project ETA)
2025-07-03 14:39:14,160 - INFO  -Finished fetching all 3 issues for project ETA.
2025-07-03 14:39:14,160 - INFO  -Processed 3 issues for project ETA
2025-07-03 14:39:14,160 - INFO  -Processing project: 'KAN' (My Kanban Project)
2025-07-03 14:39:16,818 - INFO  -Finished fetching all 7 issues for project KAN.
2025-07-03 14:39:16,818 - INFO  -Processed 7 issues for project KAN
2025-07-03 14:39:16,818 - INFO  -Processing project: 'PVMVP' (AI-Powered Portfolio Dashboard)
2025-07-03 14:39:21,325 - INFO  -Finished fetching all 11 issues for project PVMVP.
2025-07-03 14:39:21,325 - INFO  -Processed 11 issues for project PVMVP
2025-07-03 14:39:21,325 - INFO  -Finished processing all projects.
