2025-07-06 11:48:16,358 - INFO  -connection to mongodb has been closed
2025-07-06 11:48:16,358 - ERROR  -Error fetching team field ID: multidict update sequence element #0 has length 1; 2 is required
2025-07-06 11:48:16,358 - ERROR  -Unclosed client session
client_session: <aiohttp.client.ClientSession object at 0x000001B29C6DA650>
2025-07-06 11:48:16,358 - WARNING  -Team field ID not found. Team information will not be available.
2025-07-06 11:48:16,773 - INFO  -connection to mongodb has been closed
2025-07-06 11:48:17,274 - INFO  -Successfully fetched projects starting at 0 with 5 results.
2025-07-06 11:48:17,274 - INFO  -Fetched 5 of 5 projects so far.
2025-07-06 11:48:17,274 - INFO  -Finished fetching all 5 projects.
2025-07-06 11:48:17,297 - INFO  -Successfully retrieved all project details.
2025-07-06 11:48:17,297 - INFO  -Found 5 projects to process.
2025-07-06 11:48:17,297 - INFO  -Processing project: 'ALPHA' (Project Alpha)
2025-07-06 11:48:18,235 - INFO  -Finished fetching all 18 issues for project ALPHA.
2025-07-06 11:48:18,235 - INFO  -Processed 18 issues for project ALPHA
2025-07-06 11:48:18,236 - INFO  -Processing project: 'BETA' (Project Beta)
2025-07-06 11:48:18,773 - INFO  -No issues found in project BETA.
2025-07-06 11:48:18,773 - INFO  -Processed 0 issues for project BETA
2025-07-06 11:48:18,773 - INFO  -Processing project: 'ETA' (Project ETA)
2025-07-06 11:48:19,462 - INFO  -Finished fetching all 3 issues for project ETA.
2025-07-06 11:48:19,462 - INFO  -Processed 3 issues for project ETA
2025-07-06 11:48:19,462 - INFO  -Processing project: 'KAN' (My Kanban Project)
2025-07-06 11:48:20,064 - INFO  -Finished fetching all 7 issues for project KAN.
2025-07-06 11:48:20,064 - INFO  -Processed 7 issues for project KAN
2025-07-06 11:48:20,064 - INFO  -Processing project: 'PVMVP' (AI-Powered Portfolio Dashboard)
2025-07-06 11:48:20,695 - INFO  -Finished fetching all 14 issues for project PVMVP.
2025-07-06 11:48:20,695 - INFO  -Processed 14 issues for project PVMVP
2025-07-06 11:48:20,695 - INFO  -Finished processing all projects. Total issues processed: 42
2025-07-06 11:48:20,702 - INFO  ---- Script Finished: Successfully processed 42 issues in total. ---
