2025-07-05 14:55:57,750 - INFO  -AWS SQS client initialized successfully.
2025-07-05 14:55:58,478 - INFO  -Team Field Found: customfield_10001 \u2192 Team
2025-07-05 14:55:58,479 - INFO  -Starting to fetch all JIRA project details...
2025-07-05 14:55:58,934 - INFO  -Successfully fetched projects starting at 0 with 5 results.
2025-07-05 14:55:58,934 - INFO  -Fetched 5 of 5 projects so far.
2025-07-05 14:55:58,934 - INFO  -Finished fetching all 5 projects.
2025-07-05 14:55:58,934 - INFO  -Successfully retrieved all project details.
2025-07-05 14:55:58,936 - INFO  -Found 5 projects to process.
2025-07-05 14:55:58,936 - INFO  -Processing project: 'ALPHA' (Project Alpha)
2025-07-05 14:56:03,768 - INFO  -Finished fetching all 18 issues for project ALPHA.
2025-07-05 14:56:03,782 - INFO  -Processed 18 issues for project ALPHA
2025-07-05 14:56:03,782 - INFO  -Processing project: 'BETA' (Project Beta)
2025-07-05 14:56:04,304 - INFO  -No issues found in project BETA.
2025-07-05 14:56:04,304 - INFO  -Processed 0 issues for project BETA
2025-07-05 14:56:04,304 - INFO  -Processing project: 'ETA' (Project ETA)
2025-07-05 14:56:05,603 - INFO  -Finished fetching all 3 issues for project ETA.
2025-07-05 14:56:05,603 - INFO  -Processed 3 issues for project ETA
2025-07-05 14:56:05,603 - INFO  -Processing project: 'KAN' (My Kanban Project)
2025-07-05 14:56:07,725 - INFO  -Finished fetching all 7 issues for project KAN.
2025-07-05 14:56:07,725 - INFO  -Processed 7 issues for project KAN
2025-07-05 14:56:07,725 - INFO  -Processing project: 'PVMVP' (AI-Powered Portfolio Dashboard)
2025-07-05 14:56:11,006 - INFO  -Finished fetching all 14 issues for project PVMVP.
2025-07-05 14:56:11,006 - INFO  -Processed 14 issues for project PVMVP
2025-07-05 14:56:11,006 - INFO  -Finished processing all projects.
